<?xml version="1.0" encoding="UTF-8"?>
<!-- Generated by org.testng.reporters.JUnitReportReporter -->
<testsuite hostname="DESKTOP-HEKED5N" failures="0" tests="3" name="testNGPractice.DependsOn" time="0.018" errors="0" timestamp="2025-07-24T20:03:26 IST" skipped="0">
  <testcase classname="testNGPractice.DependsOn" name="addCart" time="0.014">
    <system-out>
      <![CDATA[added]]>
    </system-out>
  </testcase> <!-- addCart -->
  <testcase classname="testNGPractice.DependsOn" name="deleteCart" time="0.003">
    <system-out>
      <![CDATA[added]]>
    </system-out>
  </testcase> <!-- deleteCart -->
  <testcase classname="testNGPractice.DependsOn" name="editCart" time="0.001">
    <system-out>
      <![CDATA[edit]]>
    </system-out>
  </testcase> <!-- editCart -->
  <system-out>
    <![CDATA[added
edit
added]]>
  </system-out>
</testsuite> <!-- testNGPractice.DependsOn -->
