<?xml version="1.0" encoding="UTF-8"?>
<!-- Generated by org.testng.reporters.JUnitReportReporter -->
<testsuite hostname="DESKTOP-HEKED5N" failures="0" tests="1" name="Product.ProductTest" time="7.665" errors="0" timestamp="2025-07-30T19:35:13 IST" skipped="0">
  <testcase classname="Product.ProductTest" name="toCreateProductWithMandatoryDetails" time="7.665"/>
</testsuite> <!-- Product.ProductTest -->
