<?xml version="1.0" encoding="UTF-8"?>
<!-- Generated by org.testng.reporters.JUnitReportReporter -->
<testsuite hostname="DESKTOP-HEKED5N" failures="0" tests="1" name="Campaign.CampaignTest$CreateCampaignWithMandatoryFieldsTest$CreateCampaginWithExpectedDateTest" time="5.541" errors="0" timestamp="2025-07-29T19:39:55 IST" skipped="0">
  <testcase classname="Campaign.CampaignTest$CreateCampaignWithMandatoryFieldsTest$CreateCampaginWithExpectedDateTest" name="tocreateCampaignwithExpectedDAte" time="5.541"/>
</testsuite> <!-- Campaign.CampaignTest$CreateCampaignWithMandatoryFieldsTest$CreateCampaginWithExpectedDateTest -->
