<?xml version="1.0" encoding="UTF-8"?>
<!-- Generated by org.testng.reporters.JUnitReportReporter -->
<testsuite hostname="DESKTOP-HEKED5N" failures="0" tests="1" name="ImplementationofALL.CreateCampaignWithStatus" time="6.275" errors="0" timestamp="2025-07-29T08:30:23 IST" skipped="0">
  <testcase classname="ImplementationofALL.CreateCampaignWithStatus" name="tocreateCampaignwithMandatoryFiles" time="6.275"/>
</testsuite> <!-- ImplementationofALL.CreateCampaignWithStatus -->
