<?xml version="1.0" encoding="UTF-8"?>
<!-- Generated by org.testng.reporters.JUnitReportReporter -->
<testsuite hostname="DESKTOP-HEKED5N" failures="0" tests="3" name="testNGPractice.InnvocationCount" time="11.284" errors="0" timestamp="2025-07-24T19:31:23 IST" skipped="0">
  <testcase classname="testNGPractice.InnvocationCount" name="login" time="4.188"/>
  <testcase classname="testNGPractice.InnvocationCount" name="login" time="3.468"/>
  <testcase classname="testNGPractice.InnvocationCount" name="login" time="3.628"/>
</testsuite> <!-- testNGPractice.InnvocationCount -->
