<?xml version="1.0" encoding="UTF-8"?>
<!-- Generated by org.testng.reporters.JUnitReportReporter -->
<testsuite hostname="DESKTOP-HEKED5N" failures="0" tests="1" name="ImplementationofALL.CreateCampaignWithMandatoryFields" time="6.037" errors="0" timestamp="2025-07-29T07:55:46 IST" skipped="0">
  <testcase classname="ImplementationofALL.CreateCampaignWithMandatoryFields" name="tocreateCampaignwithMandatoryFiles" time="6.037"/>
</testsuite> <!-- ImplementationofALL.CreateCampaignWithMandatoryFields -->
