<?xml version="1.0" encoding="UTF-8"?>
<!-- Generated by org.testng.reporters.JUnitReportReporter -->
<testsuite hostname="DESKTOP-HEKED5N" failures="0" tests="1" name="testNGPractice.ConfigAnnont" time="0.012" errors="0" timestamp="2025-07-25T20:07:21 IST" skipped="0">
  <testcase classname="testNGPractice.ConfigAnnont" name="demo" time="0.012"/>
</testsuite> <!-- testNGPractice.ConfigAnnont -->
