<?xml version="1.0" encoding="UTF-8"?>
<!-- Generated by org.testng.reporters.JUnitReportReporter -->
<testsuite hostname="DESKTOP-HEKED5N" failures="0" tests="1" name="ImplementationofALL.CreateProductWithMandatoryDetails" time="6.335" errors="0" timestamp="2025-07-29T08:29:51 IST" skipped="0">
  <testcase classname="ImplementationofALL.CreateProductWithMandatoryDetails" name="toCreateProductWithMandatoryDetails" time="6.335"/>
</testsuite> <!-- ImplementationofALL.CreateProductWithMandatoryDetails -->
