<?xml version="1.0" encoding="UTF-8"?>
<!-- Generated by org.testng.reporters.JUnitReportReporter -->
<testsuite hostname="DESKTOP-HEKED5N" failures="0" tests="1" name="testNGPractice.TakeScreenShot" time="4.619" errors="0" timestamp="2025-07-30T20:00:37 IST" skipped="0">
  <testcase classname="testNGPractice.TakeScreenShot" name="FB" time="4.619"/>
</testsuite> <!-- testNGPractice.TakeScreenShot -->
