<?xml version="1.0" encoding="UTF-8"?>
<!-- Generated by org.testng.reporters.JUnitReportReporter -->
<testsuite hostname="DESKTOP-HEKED5N" failures="0" tests="5" name="testNGPractice.Demo" time="0.018" errors="0" timestamp="2025-07-24T19:50:46 IST" skipped="1">
  <testcase classname="testNGPractice.Demo" name="b16" time="0.003">
    <system-out>
      <![CDATA[b16 executed]]>
    </system-out>
  </testcase> <!-- b16 -->
  <testcase classname="testNGPractice.Demo" name="b25" time="0.001">
    <system-out>
      <![CDATA[b25 executed]]>
    </system-out>
  </testcase> <!-- b25 -->
  <testcase classname="testNGPractice.Demo" name="a11" time="0.013">
    <system-out>
      <![CDATA[all executed]]>
    </system-out>
  </testcase> <!-- a11 -->
  <testcase classname="testNGPractice.Demo" name="a17" time="0.001">
    <system-out>
      <![CDATA[a17 executed]]>
    </system-out>
  </testcase> <!-- a17 -->
  <testcase classname="testNGPractice.Demo" name="a23">
    <skipped/>
  </testcase> <!-- a23 -->
  <system-out>
    <![CDATA[all executed
a17 executed
b16 executed
b25 executed]]>
  </system-out>
</testsuite> <!-- testNGPractice.Demo -->
