<?xml version="1.0" encoding="UTF-8"?>
<!-- Generated by org.testng.reporters.JUnitReportReporter -->
<testsuite hostname="DESKTOP-HEKED5N" failures="0" tests="5" name="testNGPractice.ThreadPool" time="19.483" errors="0" timestamp="2025-07-24T19:43:14 IST" skipped="0">
  <testcase classname="testNGPractice.ThreadPool" name="login" time="3.742"/>
  <testcase classname="testNGPractice.ThreadPool" name="login" time="4.241"/>
  <testcase classname="testNGPractice.ThreadPool" name="login" time="3.413"/>
  <testcase classname="testNGPractice.ThreadPool" name="login" time="3.807"/>
  <testcase classname="testNGPractice.ThreadPool" name="login" time="4.280"/>
</testsuite> <!-- testNGPractice.ThreadPool -->
