<?xml version="1.0" encoding="UTF-8"?>
<!-- Generated by org.testng.reporters.JUnitReportReporter -->
<testsuite hostname="DESKTOP-HEKED5N" failures="0" tests="3" name="testNGPractice.Dataprovider" time="0.039" errors="0" timestamp="2025-07-25T19:42:11 IST" skipped="0">
  <testcase classname="testNGPractice.Dataprovider" name="login" time="0.003"/>
  <testcase classname="testNGPractice.Dataprovider" name="login" time="0.003"/>
  <testcase classname="testNGPractice.Dataprovider" name="login" time="0.033"/>
</testsuite> <!-- testNGPractice.Dataprovider -->
